2024-02-26 11:02:04.871 - __init__   [INFO    ] # ===== [ XdmLib Ver. ] ===== #
2024-02-26 11:02:04.872 - __init__   [INFO    ] XdmLib Ver. 2.A.13
2024-02-26 11:02:04.873 - __init__   [INFO    ] # ===== [ XdmLib Ver. ] ===== #
2024-02-26 11:02:04.874 - __init__   [INFO    ] Console Quick Edit Disabled
2024-02-26 11:02:04.892 - __init__   [INFO    ] Server/Host Name: DESKTOP-J6AUF2I
2024-02-26 11:02:04.892 - __init__   [INFO    ] Archive setting non-setting, Archive files will be kept.
2024-02-26 11:02:04.892 - __init__   [INFO    ] Error setting non-setting, Error files will be kept.
2024-02-26 11:02:05.349 - __init__   [INFO    ] Server: DESKTOP-J6AUF2I, Status: 1, data_time_flg: None.
2024-02-26 11:02:05.443 - __init__   [INFO    ] Watching control file: D:\Ina\ETL_XdmLib_2.A.13\ETL_XdmLib_2.A.13\EDAETL\ETL_TABLE\ETL_LC_TO_KLARF\ETL_LC_TO_KLARF.py.*
2024-02-26 11:02:05.446 - __init__   [INFO    ] SetProcessStatus 0, Start time: 2024-02-26 11:02:04.860894
2024-02-26 11:02:05.744 - __init__   [INFO    ] Set process status code: 0.
2024-02-26 11:02:05.755 - Database   [INFO    ] Non set logging! Using default logging.
2024-02-26 11:02:05.827 - Database   [INFO    ] Non set logging! Using default logging.
2024-02-26 11:02:05.928 - Database   [INFO    ] Non set logging! Using default logging.
2024-02-26 11:02:06.043 - ETL_LC_TO_KLARF [INFO    ] Read Source File:0:00:00.014989
2024-02-26 11:02:06.053 - ETL_LC_TO_KLARF [INFO    ] Read Source File:0:00:00.024997
2024-02-26 11:02:06.059 - ETL_LC_TO_KLARF [INFO    ] Read Source File:0:00:00.030994
2024-02-26 11:02:06.065 - ETL_LC_TO_KLARF [INFO    ] Read Source File:0:00:00.036995
2024-02-26 11:02:06.070 - ETL_LC_TO_KLARF [INFO    ] Read Source File:0:00:00.041992
2024-02-26 11:02:06.075 - ETL_LC_TO_KLARF [INFO    ] Read Source File:0:00:00.046991
2024-02-26 11:02:06.079 - ETL_LC_TO_KLARF [INFO    ] Converter EPI_6INCH_L87-477_6K026_Epi_10um_C-T-M-BPD_2x2_01_L87-477__TKA09EH602_41_DefectAttributes.csv to KLA-Tencor_6_INCH_EPI_6INCH_L87-477_41_TKA09EH602_2024-02-26-10-56-48.001 ;Total Used:0:00:00.050990
2024-02-26 11:02:06.081 - CustomFuction [INFO    ] [Archive] EPI_6INCH_L87-477_6K026_Epi_10um_C-T-M-BPD_2x2_01_L87-477__TKA09EH602_41_DefectAttributes.csv
2024-02-26 11:02:06.082 - CustomFuction [INFO    ] Move file: EPI_6INCH_L87-477_6K026_Epi_10um_C-T-M-BPD_2x2_01_L87-477__TKA09EH602_41_DefectAttributes.csv to Archive folder: D:\Ina\ETL_XdmLib_2.A.13\ETL_XdmLib_2.A.13\EDAETL\ETL_TABLE\ETL_LC_TO_KLARF\Data\Archive\EPI_6INCH_L87-477_6K026_Epi_10um_C-T-M-BPD_2x2_01_L87-477__TKA09EH602_41_DefectAttributes.csv.
2024-02-26 11:02:06.086 - ETL_LC_TO_KLARF [INFO    ] Read Source File:0:00:00.004025
2024-02-26 11:02:06.093 - ETL_LC_TO_KLARF [INFO    ] Read Source File:0:00:00.011027
2024-02-26 11:02:06.099 - ETL_LC_TO_KLARF [INFO    ] Read Source File:0:00:00.016991
2024-02-26 11:02:06.105 - ETL_LC_TO_KLARF [INFO    ] Read Source File:0:00:00.023023
2024-02-26 11:02:06.111 - ETL_LC_TO_KLARF [INFO    ] Read Source File:0:00:00.029024
2024-02-26 11:02:06.115 - ETL_LC_TO_KLARF [INFO    ] Converter EPI_6INCH_L87-477_6K026_Epi_10um_C-T-M-BPD_2x2_01_L87-477__TKAD4ECH03_51_DefectAttributes.csv to KLA-Tencor_6_INCH_EPI_6INCH_L87-477_51_TKAD4ECH03_2024-02-26-10-56-49.001 ;Total Used:0:00:00.033022
2024-02-26 11:02:06.117 - CustomFuction [INFO    ] [Archive] EPI_6INCH_L87-477_6K026_Epi_10um_C-T-M-BPD_2x2_01_L87-477__TKAD4ECH03_51_DefectAttributes.csv
2024-02-26 11:02:06.118 - CustomFuction [INFO    ] Move file: EPI_6INCH_L87-477_6K026_Epi_10um_C-T-M-BPD_2x2_01_L87-477__TKAD4ECH03_51_DefectAttributes.csv to Archive folder: D:\Ina\ETL_XdmLib_2.A.13\ETL_XdmLib_2.A.13\EDAETL\ETL_TABLE\ETL_LC_TO_KLARF\Data\Archive\EPI_6INCH_L87-477_6K026_Epi_10um_C-T-M-BPD_2x2_01_L87-477__TKAD4ECH03_51_DefectAttributes.csv.
2024-02-26 11:02:06.121 - ETL_LC_TO_KLARF [INFO    ] Read Source File:0:00:00.003023
2024-02-26 11:02:06.125 - ETL_LC_TO_KLARF [INFO    ] Read Source File:0:00:00.007024
2024-02-26 11:02:06.131 - ETL_LC_TO_KLARF [INFO    ] Read Source File:0:00:00.013025
2024-02-26 11:02:06.136 - ETL_LC_TO_KLARF [INFO    ] Read Source File:0:00:00.018023
2024-02-26 11:02:06.139 - ETL_LC_TO_KLARF [INFO    ] Converter EPI_6INCH_L87-477_6K026_Epi_10um_C-T-M-BPD_2x2_01_L87-477__TKAT9EC907_1052_DefectAttributes.csv to KLA-Tencor_6_INCH_EPI_6INCH_L87-477_1052_TKAT9EC907_2024-02-26-10-56-48.001 ;Total Used:0:00:00.021023
2024-02-26 11:02:06.140 - CustomFuction [INFO    ] [Archive] EPI_6INCH_L87-477_6K026_Epi_10um_C-T-M-BPD_2x2_01_L87-477__TKAT9EC907_1052_DefectAttributes.csv
2024-02-26 11:02:06.140 - CustomFuction [INFO    ] Move file: EPI_6INCH_L87-477_6K026_Epi_10um_C-T-M-BPD_2x2_01_L87-477__TKAT9EC907_1052_DefectAttributes.csv to Archive folder: D:\Ina\ETL_XdmLib_2.A.13\ETL_XdmLib_2.A.13\EDAETL\ETL_TABLE\ETL_LC_TO_KLARF\Data\Archive\EPI_6INCH_L87-477_6K026_Epi_10um_C-T-M-BPD_2x2_01_L87-477__TKAT9EC907_1052_DefectAttributes.csv.
2024-02-26 11:02:06.143 - ETL_LC_TO_KLARF [INFO    ] Read Source File:0:00:00.002027
2024-02-26 11:02:06.148 - ETL_LC_TO_KLARF [INFO    ] Read Source File:0:00:00.007030
2024-02-26 11:02:06.153 - ETL_LC_TO_KLARF [INFO    ] Read Source File:0:00:00.012032
2024-02-26 11:02:06.156 - ETL_LC_TO_KLARF [INFO    ] Converter EPI_6INCH_L87-477_6K026_Epi_10um_C-T-M-BPD_2x2_01_L87-477__TKTA3EGF18_45_DefectAttributes.csv to KLA-Tencor_6_INCH_EPI_6INCH_L87-477_45_TKTA3EGF18_2024-02-26-10-56-48.001 ;Total Used:0:00:00.015029
2024-02-26 11:02:06.159 - CustomFuction [INFO    ] [Archive] EPI_6INCH_L87-477_6K026_Epi_10um_C-T-M-BPD_2x2_01_L87-477__TKTA3EGF18_45_DefectAttributes.csv
2024-02-26 11:02:06.160 - CustomFuction [INFO    ] Move file: EPI_6INCH_L87-477_6K026_Epi_10um_C-T-M-BPD_2x2_01_L87-477__TKTA3EGF18_45_DefectAttributes.csv to Archive folder: D:\Ina\ETL_XdmLib_2.A.13\ETL_XdmLib_2.A.13\EDAETL\ETL_TABLE\ETL_LC_TO_KLARF\Data\Archive\EPI_6INCH_L87-477_6K026_Epi_10um_C-T-M-BPD_2x2_01_L87-477__TKTA3EGF18_45_DefectAttributes.csv.
2024-02-26 11:02:06.163 - ETL_LC_TO_KLARF [INFO    ] Read Source File:0:00:00.003021
2024-02-26 11:02:06.168 - ETL_LC_TO_KLARF [INFO    ] Read Source File:0:00:00.008017
2024-02-26 11:02:06.171 - ETL_LC_TO_KLARF [INFO    ] Converter EPI_6INCH_L87-477_6K026_Epi_10um_C-T-M-BPD_2x2_01_L87-477__TKTB6EFA10_43_DefectAttributes.csv to KLA-Tencor_6_INCH_EPI_6INCH_L87-477_43_TKTB6EFA10_2024-02-26-10-56-48.001 ;Total Used:0:00:00.010983
2024-02-26 11:02:06.173 - CustomFuction [INFO    ] [Archive] EPI_6INCH_L87-477_6K026_Epi_10um_C-T-M-BPD_2x2_01_L87-477__TKTB6EFA10_43_DefectAttributes.csv
2024-02-26 11:02:06.173 - CustomFuction [INFO    ] Move file: EPI_6INCH_L87-477_6K026_Epi_10um_C-T-M-BPD_2x2_01_L87-477__TKTB6EFA10_43_DefectAttributes.csv to Archive folder: D:\Ina\ETL_XdmLib_2.A.13\ETL_XdmLib_2.A.13\EDAETL\ETL_TABLE\ETL_LC_TO_KLARF\Data\Archive\EPI_6INCH_L87-477_6K026_Epi_10um_C-T-M-BPD_2x2_01_L87-477__TKTB6EFA10_43_DefectAttributes.csv.
2024-02-26 11:02:06.177 - ETL_LC_TO_KLARF [INFO    ] Read Source File:0:00:00.004000
2024-02-26 11:02:06.180 - ETL_LC_TO_KLARF [INFO    ] Converter EPI_6INCH_L87-477_6K026_Epi_10um_C-T-M-BPD_2x2_01_L87-477__TKTB6EFA12_44_DefectAttributes.csv to KLA-Tencor_6_INCH_EPI_6INCH_L87-477_44_TKTB6EFA12_2024-02-26-10-56-48.001 ;Total Used:0:00:00.006025
2024-02-26 11:02:06.181 - CustomFuction [INFO    ] [Archive] EPI_6INCH_L87-477_6K026_Epi_10um_C-T-M-BPD_2x2_01_L87-477__TKTB6EFA12_44_DefectAttributes.csv
2024-02-26 11:02:06.182 - CustomFuction [INFO    ] Move file: EPI_6INCH_L87-477_6K026_Epi_10um_C-T-M-BPD_2x2_01_L87-477__TKTB6EFA12_44_DefectAttributes.csv to Archive folder: D:\Ina\ETL_XdmLib_2.A.13\ETL_XdmLib_2.A.13\EDAETL\ETL_TABLE\ETL_LC_TO_KLARF\Data\Archive\EPI_6INCH_L87-477_6K026_Epi_10um_C-T-M-BPD_2x2_01_L87-477__TKTB6EFA12_44_DefectAttributes.csv.
2024-02-26 11:02:06.182 - CustomFuction [INFO    ] ========[ File End ]========
2024-02-26 11:02:06.182 - CustomFuction [INFO    ] ========[ Delete Empty Folder ]========
2024-02-26 11:02:06.198 - CustomFuction [INFO    ] ========== Finally ==========
2024-02-26 11:02:06.431 - __init__   [INFO    ] Set process status code: 1, Last data time: None.
