2023-08-11 16:39:11.640 - __init__   [INFO    ] # ===== [ XdmLib Ver. ] ===== #
2023-08-11 16:39:11.640 - __init__   [INFO    ] XdmLib Ver. 2.A.13
2023-08-11 16:39:11.640 - __init__   [INFO    ] # ===== [ XdmLib Ver. ] ===== #
2023-08-11 16:39:11.641 - __init__   [INFO    ] Console Quick Edit Disabled
2023-08-11 16:39:11.643 - __init__   [ERROR   ] No module named 'config'
Traceback (most recent call last):
  File "D:\Ina\ETL_XdmLib_2.A.13\ETL_XdmLib_2.A.13\EDAETL\ETL_TABLE\KlarfExportLib_and_Example\../..\XdmLib\__init__.py", line 603, in <module>
    config = importlib.import_module(default_config_name)
  File "D:\soft\anaconda3\lib\importlib\__init__.py", line 127, in import_module
    return _bootstrap._gcd_import(name[level:], package, level)
  File "<frozen importlib._bootstrap>", line 1030, in _gcd_import
  File "<frozen importlib._bootstrap>", line 1007, in _find_and_load
  File "<frozen importlib._bootstrap>", line 984, in _find_and_load_unlocked
ModuleNotFoundError: No module named 'config'
Stack (most recent call last):
  File "D:\Ina\ETL_XdmLib_2.A.13\ETL_XdmLib_2.A.13\EDAETL\ETL_TABLE\KlarfExportLib_and_Example\core.py", line 22, in <module>
    import XdmLib
  File "<frozen importlib._bootstrap>", line 1007, in _find_and_load
  File "<frozen importlib._bootstrap>", line 986, in _find_and_load_unlocked
  File "<frozen importlib._bootstrap>", line 680, in _load_unlocked
  File "<frozen importlib._bootstrap_external>", line 850, in exec_module
  File "<frozen importlib._bootstrap>", line 228, in _call_with_frames_removed
  File "D:\Ina\ETL_XdmLib_2.A.13\ETL_XdmLib_2.A.13\EDAETL\ETL_TABLE\KlarfExportLib_and_Example\../..\XdmLib\__init__.py", line 606, in <module>
    logging.error(ex, exc_info=True, stack_info=True)
2023-08-11 16:39:38.793 - __init__   [INFO    ] # ===== [ XdmLib Ver. ] ===== #
2023-08-11 16:39:38.793 - __init__   [INFO    ] XdmLib Ver. 2.A.13
2023-08-11 16:39:38.794 - __init__   [INFO    ] # ===== [ XdmLib Ver. ] ===== #
2023-08-11 16:39:38.795 - __init__   [INFO    ] Console Quick Edit Disabled
2023-08-11 16:39:38.797 - __init__   [ERROR   ] No module named 'config'
Traceback (most recent call last):
  File "D:\Ina\ETL_XdmLib_2.A.13\ETL_XdmLib_2.A.13\EDAETL\ETL_TABLE\KlarfExportLib_and_Example\../..\XdmLib\__init__.py", line 603, in <module>
    config = importlib.import_module(default_config_name)
  File "D:\soft\anaconda3\lib\importlib\__init__.py", line 127, in import_module
    return _bootstrap._gcd_import(name[level:], package, level)
  File "<frozen importlib._bootstrap>", line 1030, in _gcd_import
  File "<frozen importlib._bootstrap>", line 1007, in _find_and_load
  File "<frozen importlib._bootstrap>", line 984, in _find_and_load_unlocked
ModuleNotFoundError: No module named 'config'
Stack (most recent call last):
  File "D:\Ina\ETL_XdmLib_2.A.13\ETL_XdmLib_2.A.13\EDAETL\ETL_TABLE\KlarfExportLib_and_Example\core.py", line 22, in <module>
    import XdmLib
  File "<frozen importlib._bootstrap>", line 1007, in _find_and_load
  File "<frozen importlib._bootstrap>", line 986, in _find_and_load_unlocked
  File "<frozen importlib._bootstrap>", line 680, in _load_unlocked
  File "<frozen importlib._bootstrap_external>", line 850, in exec_module
  File "<frozen importlib._bootstrap>", line 228, in _call_with_frames_removed
  File "D:\Ina\ETL_XdmLib_2.A.13\ETL_XdmLib_2.A.13\EDAETL\ETL_TABLE\KlarfExportLib_and_Example\../..\XdmLib\__init__.py", line 606, in <module>
    logging.error(ex, exc_info=True, stack_info=True)
2023-08-11 16:40:02.795 - __init__   [INFO    ] # ===== [ XdmLib Ver. ] ===== #
2023-08-11 16:40:02.795 - __init__   [INFO    ] XdmLib Ver. 2.A.13
2023-08-11 16:40:02.795 - __init__   [INFO    ] # ===== [ XdmLib Ver. ] ===== #
2023-08-11 16:40:02.796 - __init__   [INFO    ] Console Quick Edit Disabled
2023-08-11 16:40:02.799 - __init__   [ERROR   ] No module named 'config'
Traceback (most recent call last):
  File "D:\Ina\ETL_XdmLib_2.A.13\ETL_XdmLib_2.A.13\EDAETL\ETL_TABLE\KlarfExportLib_and_Example\../..\XdmLib\__init__.py", line 603, in <module>
    config = importlib.import_module(default_config_name)
  File "D:\soft\anaconda3\lib\importlib\__init__.py", line 127, in import_module
    return _bootstrap._gcd_import(name[level:], package, level)
  File "<frozen importlib._bootstrap>", line 1030, in _gcd_import
  File "<frozen importlib._bootstrap>", line 1007, in _find_and_load
  File "<frozen importlib._bootstrap>", line 984, in _find_and_load_unlocked
ModuleNotFoundError: No module named 'config'
Stack (most recent call last):
  File "D:\Ina\ETL_XdmLib_2.A.13\ETL_XdmLib_2.A.13\EDAETL\ETL_TABLE\KlarfExportLib_and_Example\core.py", line 22, in <module>
    import XdmLib
  File "<frozen importlib._bootstrap>", line 1007, in _find_and_load
  File "<frozen importlib._bootstrap>", line 986, in _find_and_load_unlocked
  File "<frozen importlib._bootstrap>", line 680, in _load_unlocked
  File "<frozen importlib._bootstrap_external>", line 850, in exec_module
  File "<frozen importlib._bootstrap>", line 228, in _call_with_frames_removed
  File "D:\Ina\ETL_XdmLib_2.A.13\ETL_XdmLib_2.A.13\EDAETL\ETL_TABLE\KlarfExportLib_and_Example\../..\XdmLib\__init__.py", line 606, in <module>
    logging.error(ex, exc_info=True, stack_info=True)
2023-08-11 16:40:29.390 - __init__   [INFO    ] # ===== [ XdmLib Ver. ] ===== #
2023-08-11 16:40:29.390 - __init__   [INFO    ] XdmLib Ver. 2.A.13
2023-08-11 16:40:29.391 - __init__   [INFO    ] # ===== [ XdmLib Ver. ] ===== #
2023-08-11 16:40:29.392 - __init__   [INFO    ] Console Quick Edit Disabled
2023-08-11 16:40:29.394 - __init__   [ERROR   ] No module named 'config'
Traceback (most recent call last):
  File "D:\Ina\ETL_XdmLib_2.A.13\ETL_XdmLib_2.A.13\EDAETL\ETL_TABLE\KlarfExportLib_and_Example\../..\XdmLib\__init__.py", line 603, in <module>
    config = importlib.import_module(default_config_name)
  File "D:\soft\anaconda3\lib\importlib\__init__.py", line 127, in import_module
    return _bootstrap._gcd_import(name[level:], package, level)
  File "<frozen importlib._bootstrap>", line 1030, in _gcd_import
  File "<frozen importlib._bootstrap>", line 1007, in _find_and_load
  File "<frozen importlib._bootstrap>", line 984, in _find_and_load_unlocked
ModuleNotFoundError: No module named 'config'
Stack (most recent call last):
  File "D:\Ina\ETL_XdmLib_2.A.13\ETL_XdmLib_2.A.13\EDAETL\ETL_TABLE\KlarfExportLib_and_Example\core.py", line 22, in <module>
    import XdmLib
  File "<frozen importlib._bootstrap>", line 1007, in _find_and_load
  File "<frozen importlib._bootstrap>", line 986, in _find_and_load_unlocked
  File "<frozen importlib._bootstrap>", line 680, in _load_unlocked
  File "<frozen importlib._bootstrap_external>", line 850, in exec_module
  File "<frozen importlib._bootstrap>", line 228, in _call_with_frames_removed
  File "D:\Ina\ETL_XdmLib_2.A.13\ETL_XdmLib_2.A.13\EDAETL\ETL_TABLE\KlarfExportLib_and_Example\../..\XdmLib\__init__.py", line 606, in <module>
    logging.error(ex, exc_info=True, stack_info=True)
2023-08-11 16:45:38.838 - __init__   [INFO    ] # ===== [ XdmLib Ver. ] ===== #
2023-08-11 16:45:38.838 - __init__   [INFO    ] XdmLib Ver. 2.A.13
2023-08-11 16:45:38.839 - __init__   [INFO    ] # ===== [ XdmLib Ver. ] ===== #
2023-08-11 16:45:38.840 - __init__   [INFO    ] Console Quick Edit Disabled
2023-08-11 16:45:38.842 - __init__   [ERROR   ] No module named 'config'
Traceback (most recent call last):
  File "D:\Ina\ETL_XdmLib_2.A.13\ETL_XdmLib_2.A.13\EDAETL\ETL_TABLE\KlarfExportLib_and_Example\../..\XdmLib\__init__.py", line 603, in <module>
    config = importlib.import_module(default_config_name)
  File "D:\soft\anaconda3\lib\importlib\__init__.py", line 127, in import_module
    return _bootstrap._gcd_import(name[level:], package, level)
  File "<frozen importlib._bootstrap>", line 1030, in _gcd_import
  File "<frozen importlib._bootstrap>", line 1007, in _find_and_load
  File "<frozen importlib._bootstrap>", line 984, in _find_and_load_unlocked
ModuleNotFoundError: No module named 'config'
Stack (most recent call last):
  File "D:\Ina\ETL_XdmLib_2.A.13\ETL_XdmLib_2.A.13\EDAETL\ETL_TABLE\KlarfExportLib_and_Example\core.py", line 4, in <module>
    import XdmLib
  File "<frozen importlib._bootstrap>", line 1007, in _find_and_load
  File "<frozen importlib._bootstrap>", line 986, in _find_and_load_unlocked
  File "<frozen importlib._bootstrap>", line 680, in _load_unlocked
  File "<frozen importlib._bootstrap_external>", line 850, in exec_module
  File "<frozen importlib._bootstrap>", line 228, in _call_with_frames_removed
  File "D:\Ina\ETL_XdmLib_2.A.13\ETL_XdmLib_2.A.13\EDAETL\ETL_TABLE\KlarfExportLib_and_Example\../..\XdmLib\__init__.py", line 606, in <module>
    logging.error(ex, exc_info=True, stack_info=True)
