2023-12-25 09:52:55.983 - __init__   [INFO    ] # ===== [ XdmLib Ver. ] ===== #
2023-12-25 09:52:55.985 - __init__   [INFO    ] XdmLib Ver. 2.A.13
2023-12-25 09:52:55.985 - __init__   [INFO    ] # ===== [ XdmLib Ver. ] ===== #
2023-12-25 09:52:55.986 - __init__   [INFO    ] Console Quick Edit Disabled
2023-12-25 09:52:56.000 - __init__   [INFO    ] Server/Host Name: DESKTOP-J6AUF2I
2023-12-25 09:52:56.001 - __init__   [INFO    ] Archive setting non-setting, Archive files will be kept.
2023-12-25 09:52:56.001 - __init__   [INFO    ] Error setting non-setting, Error files will be kept.
2023-12-25 09:52:56.297 - __init__   [INFO    ] Server: DESKTOP-J6AUF2I, Status: 1, data_time_flg: None.
2023-12-25 09:52:56.378 - __init__   [INFO    ] Watching control file: D:\Ina\ETL_XdmLib_2.A.13\ETL_XdmLib_2.A.13\EDAETL\ETL_TABLE\ETL_XXX_TO_XSIFF\ETL_XXX_TO_XSIFF.py.*
2023-12-25 09:52:56.382 - __init__   [INFO    ] SetProcessStatus 0, Start time: 2023-12-25 09:52:55.943181
2023-12-25 09:52:56.617 - __init__   [INFO    ] Set process status code: 0.
2023-12-25 09:52:56.638 - Database   [INFO    ] Non set logging! Using default logging.
2023-12-25 09:52:56.809 - Database   [INFO    ] Non set logging! Using default logging.
2023-12-25 09:52:56.922 - Database   [INFO    ] Non set logging! Using default logging.
2023-12-25 09:52:57.097 - ETL_XXX_TO_XSIFF [INFO    ] Read Source File:0:00:00.063482
2023-12-25 09:52:57.129 - ETL_XXX_TO_XSIFF [INFO    ] Converter EPI_6INCH_L87-477_6K026_Epi_10um_C-T-M-BPD_2x2_01_L87-477__TKZ75EEN13_10_DefectAttributes.csv to KLA-Tencor_None_Lot_01_24_24_2023-12-25-09-52-57.001 ;Total Used:0:00:00.095544
2023-12-25 09:52:57.133 - CustomFuction [INFO    ] [Archive] EPI_6INCH_L87-477_6K026_Epi_10um_C-T-M-BPD_2x2_01_L87-477__TKZ75EEN13_10_DefectAttributes.csv
2023-12-25 09:52:57.138 - CustomFuction [INFO    ] Move file: EPI_6INCH_L87-477_6K026_Epi_10um_C-T-M-BPD_2x2_01_L87-477__TKZ75EEN13_10_DefectAttributes.csv to Archive folder: Data\Source\EPI_6INCH_L87-477_6K026_Epi_10um_C-T-M-BPD_2x2_01_L87-477__TKZ75EEN13_10_DefectAttributes.csv.
2023-12-25 09:52:57.139 - CustomFuction [INFO    ] ========[ File End ]========
2023-12-25 09:52:57.140 - CustomFuction [INFO    ] ========[ Delete Empty Folder ]========
2023-12-25 09:52:57.171 - CustomFuction [INFO    ] ========== Finally ==========
2023-12-25 09:52:57.464 - __init__   [INFO    ] Set process status code: 1, Last data time: None.
